{"C:\\Users\\JaimeBolivar\\Desktop\\3.Estándares y Metricas de Seguridad\\taskmanager-proyecto-vs1-\\script.js": {"path":"C:\\Users\\JaimeBolivar\\Desktop\\3.Estándares y Metricas de Seguridad\\taskmanager-proyecto-vs1-\\script.js","statementMap":{"0":{"start":{"line":9,"column":12},"end":{"line":9,"column":14}},"1":{"start":{"line":19,"column":16},"end":{"line":19,"column":52}},"2":{"start":{"line":20,"column":19},"end":{"line":20,"column":37}},"3":{"start":{"line":24,"column":2},"end":{"line":27,"column":3}},"4":{"start":{"line":25,"column":4},"end":{"line":25,"column":50}},"5":{"start":{"line":26,"column":4},"end":{"line":26,"column":11}},"6":{"start":{"line":30,"column":18},"end":{"line":34,"column":3}},"7":{"start":{"line":37,"column":2},"end":{"line":37,"column":22}},"8":{"start":{"line":40,"column":2},"end":{"line":40,"column":19}},"9":{"start":{"line":43,"column":2},"end":{"line":43,"column":16}},"10":{"start":{"line":54,"column":19},"end":{"line":54,"column":53}},"11":{"start":{"line":58,"column":17},"end":{"line":58,"column":46}},"12":{"start":{"line":62,"column":15},"end":{"line":62,"column":47}},"13":{"start":{"line":62,"column":31},"end":{"line":62,"column":46}},"14":{"start":{"line":63,"column":2},"end":{"line":65,"column":3}},"15":{"start":{"line":64,"column":4},"end":{"line":64,"column":37}},"16":{"start":{"line":68,"column":2},"end":{"line":68,"column":16}},"17":{"start":{"line":79,"column":19},"end":{"line":79,"column":53}},"18":{"start":{"line":83,"column":17},"end":{"line":83,"column":46}},"19":{"start":{"line":87,"column":16},"end":{"line":87,"column":53}},"20":{"start":{"line":87,"column":37},"end":{"line":87,"column":52}},"21":{"start":{"line":88,"column":2},"end":{"line":90,"column":3}},"22":{"start":{"line":89,"column":4},"end":{"line":89,"column":27}},"23":{"start":{"line":93,"column":2},"end":{"line":93,"column":20}},"24":{"start":{"line":96,"column":2},"end":{"line":96,"column":16}},"25":{"start":{"line":107,"column":19},"end":{"line":107,"column":54}},"26":{"start":{"line":110,"column":2},"end":{"line":110,"column":26}},"27":{"start":{"line":113,"column":2},"end":{"line":158,"column":5}},"28":{"start":{"line":115,"column":15},"end":{"line":115,"column":43}},"29":{"start":{"line":118,"column":4},"end":{"line":118,"column":28}},"30":{"start":{"line":121,"column":4},"end":{"line":123,"column":5}},"31":{"start":{"line":122,"column":6},"end":{"line":122,"column":36}},"32":{"start":{"line":126,"column":17},"end":{"line":126,"column":47}},"33":{"start":{"line":127,"column":4},"end":{"line":127,"column":33}},"34":{"start":{"line":130,"column":28},"end":{"line":130,"column":57}},"35":{"start":{"line":133,"column":24},"end":{"line":133,"column":56}},"36":{"start":{"line":134,"column":4},"end":{"line":134,"column":43}},"37":{"start":{"line":135,"column":4},"end":{"line":135,"column":78}},"38":{"start":{"line":136,"column":4},"end":{"line":138,"column":7}},"39":{"start":{"line":137,"column":6},"end":{"line":137,"column":32}},"40":{"start":{"line":141,"column":22},"end":{"line":141,"column":54}},"41":{"start":{"line":142,"column":4},"end":{"line":142,"column":39}},"42":{"start":{"line":143,"column":4},"end":{"line":143,"column":43}},"43":{"start":{"line":144,"column":4},"end":{"line":146,"column":7}},"44":{"start":{"line":145,"column":6},"end":{"line":145,"column":28}},"45":{"start":{"line":149,"column":4},"end":{"line":149,"column":45}},"46":{"start":{"line":150,"column":4},"end":{"line":150,"column":43}},"47":{"start":{"line":153,"column":4},"end":{"line":153,"column":25}},"48":{"start":{"line":154,"column":4},"end":{"line":154,"column":36}},"49":{"start":{"line":157,"column":4},"end":{"line":157,"column":29}},"50":{"start":{"line":164,"column":0},"end":{"line":166,"column":1}},"51":{"start":{"line":165,"column":2},"end":{"line":165,"column":64}}},"fnMap":{"0":{"name":"addTask","decl":{"start":{"line":17,"column":9},"end":{"line":17,"column":16}},"loc":{"start":{"line":17,"column":19},"end":{"line":44,"column":1}},"line":17},"1":{"name":"completeTask","decl":{"start":{"line":52,"column":9},"end":{"line":52,"column":21}},"loc":{"start":{"line":52,"column":30},"end":{"line":69,"column":1}},"line":52},"2":{"name":"(anonymous_2)","decl":{"start":{"line":62,"column":26},"end":{"line":62,"column":27}},"loc":{"start":{"line":62,"column":31},"end":{"line":62,"column":46}},"line":62},"3":{"name":"deleteTask","decl":{"start":{"line":77,"column":9},"end":{"line":77,"column":19}},"loc":{"start":{"line":77,"column":28},"end":{"line":97,"column":1}},"line":77},"4":{"name":"(anonymous_4)","decl":{"start":{"line":87,"column":32},"end":{"line":87,"column":33}},"loc":{"start":{"line":87,"column":37},"end":{"line":87,"column":52}},"line":87},"5":{"name":"renderTasks","decl":{"start":{"line":105,"column":9},"end":{"line":105,"column":20}},"loc":{"start":{"line":105,"column":23},"end":{"line":159,"column":1}},"line":105},"6":{"name":"(anonymous_6)","decl":{"start":{"line":113,"column":16},"end":{"line":113,"column":17}},"loc":{"start":{"line":113,"column":24},"end":{"line":158,"column":3}},"line":113},"7":{"name":"(anonymous_7)","decl":{"start":{"line":136,"column":42},"end":{"line":136,"column":43}},"loc":{"start":{"line":136,"column":53},"end":{"line":138,"column":5}},"line":136},"8":{"name":"(anonymous_8)","decl":{"start":{"line":144,"column":40},"end":{"line":144,"column":41}},"loc":{"start":{"line":144,"column":51},"end":{"line":146,"column":5}},"line":144}},"branchMap":{"0":{"loc":{"start":{"line":24,"column":2},"end":{"line":27,"column":3}},"type":"if","locations":[{"start":{"line":24,"column":2},"end":{"line":27,"column":3}},{"start":{},"end":{}}],"line":24},"1":{"loc":{"start":{"line":63,"column":2},"end":{"line":65,"column":3}},"type":"if","locations":[{"start":{"line":63,"column":2},"end":{"line":65,"column":3}},{"start":{},"end":{}}],"line":63},"2":{"loc":{"start":{"line":88,"column":2},"end":{"line":90,"column":3}},"type":"if","locations":[{"start":{"line":88,"column":2},"end":{"line":90,"column":3}},{"start":{},"end":{}}],"line":88},"3":{"loc":{"start":{"line":121,"column":4},"end":{"line":123,"column":5}},"type":"if","locations":[{"start":{"line":121,"column":4},"end":{"line":123,"column":5}},{"start":{},"end":{}}],"line":121},"4":{"loc":{"start":{"line":135,"column":30},"end":{"line":135,"column":77}},"type":"cond-expr","locations":[{"start":{"line":135,"column":47},"end":{"line":135,"column":60}},{"start":{"line":135,"column":63},"end":{"line":135,"column":77}}],"line":135},"5":{"loc":{"start":{"line":164,"column":0},"end":{"line":166,"column":1}},"type":"if","locations":[{"start":{"line":164,"column":0},"end":{"line":166,"column":1}},{"start":{},"end":{}}],"line":164}},"s":{"0":1,"1":3,"2":3,"3":3,"4":1,"5":1,"6":2,"7":2,"8":2,"9":2,"10":1,"11":1,"12":1,"13":1,"14":1,"15":1,"16":1,"17":1,"18":1,"19":1,"20":1,"21":1,"22":1,"23":1,"24":1,"25":4,"26":4,"27":4,"28":3,"29":3,"30":3,"31":1,"32":3,"33":3,"34":3,"35":3,"36":3,"37":3,"38":3,"39":0,"40":3,"41":3,"42":3,"43":3,"44":0,"45":3,"46":3,"47":3,"48":3,"49":3,"50":1,"51":1},"f":{"0":3,"1":1,"2":1,"3":1,"4":1,"5":4,"6":3,"7":0,"8":0},"b":{"0":[1,2],"1":[1,0],"2":[1,0],"3":[1,2],"4":[1,2],"5":[1,0]},"_coverageSchema":"1a1c01bbd47fc00a2c39e90264f33305004495a9","hash":"4924c1dcf9af91331375ee2e368b23db546834f1"}
}
