TN:
SF:script.js
FN:17,addTask
FN:52,completeTask
FN:62,(anonymous_2)
FN:77,deleteTask
FN:87,(anonymous_4)
FN:105,renderTasks
FN:113,(anonymous_6)
FN:136,(anonymous_7)
FN:144,(anonymous_8)
FNF:9
FNH:7
FNDA:3,addTask
FNDA:1,completeTask
FNDA:1,(anonymous_2)
FNDA:1,deleteTask
FNDA:1,(anonymous_4)
FNDA:4,renderTasks
FNDA:3,(anonymous_6)
FNDA:0,(anonymous_7)
FNDA:0,(anonymous_8)
DA:9,1
DA:19,3
DA:20,3
DA:24,3
DA:25,1
DA:26,1
DA:30,2
DA:37,2
DA:40,2
DA:43,2
DA:54,1
DA:58,1
DA:62,1
DA:63,1
DA:64,1
DA:68,1
DA:79,1
DA:83,1
DA:87,1
DA:88,1
DA:89,1
DA:93,1
DA:96,1
DA:107,4
DA:110,4
DA:113,4
DA:115,3
DA:118,3
DA:121,3
DA:122,1
DA:126,3
DA:127,3
DA:130,3
DA:133,3
DA:134,3
DA:135,3
DA:136,3
DA:137,0
DA:141,3
DA:142,3
DA:143,3
DA:144,3
DA:145,0
DA:149,3
DA:150,3
DA:153,3
DA:154,3
DA:157,3
DA:164,1
DA:165,1
LF:50
LH:48
BRDA:24,0,0,1
BRDA:24,0,1,2
BRDA:63,1,0,1
BRDA:63,1,1,0
BRDA:88,2,0,1
BRDA:88,2,1,0
BRDA:121,3,0,1
BRDA:121,3,1,2
BRDA:135,4,0,1
BRDA:135,4,1,2
BRDA:164,5,0,1
BRDA:164,5,1,0
BRF:12
BRH:9
end_of_record
